\BOOKMARK [1][-]{section.1}{Dealing with constants}{}% 1
\BOOKMARK [2][-]{subsection.1.1}{Dimensions of c and G}{section.1}% 2
\BOOKMARK [2][-]{subsection.1.2}{Black hole radius in terms of mass M}{section.1}% 3
\BOOKMARK [2][-]{subsection.1.3}{Calculating black hole radius}{section.1}% 4
\BOOKMARK [3][-]{subsubsection.1.3.1}{Atom Bomb Baby}{subsection.1.3}% 5
\BOOKMARK [3][-]{subsubsection.1.3.2}{What A Wonderful World}{subsection.1.3}% 6
\BOOKMARK [3][-]{subsubsection.1.3.3}{Bring The Sun/Toussaint L'Ouverture}{subsection.1.3}% 7
\BOOKMARK [3][-]{subsubsection.1.3.4}{Black Hole Sun M87}{subsection.1.3}% 8
\BOOKMARK [2][-]{subsection.1.4}{Angular diameter of M87 SMBH}{section.1}% 9
\BOOKMARK [2][-]{subsection.1.5}{Surface gravity of M87 SMBH}{section.1}% 10
\BOOKMARK [2][-]{subsection.1.6}{GR proof with Mercury's orbital anomaly}{section.1}% 11
\BOOKMARK [1][-]{section.2}{Order of Events}{}% 12
\BOOKMARK [1][-]{section.3}{Minkowski spacetime}{}% 13
\BOOKMARK [2][-]{subsection.3.1}{Infinitesimal displacements}{section.3}% 14
\BOOKMARK [2][-]{subsection.3.2}{Matrix inverse}{section.3}% 15
\BOOKMARK [2][-]{subsection.3.3}{Spherical Coordinates}{section.3}% 16
\BOOKMARK [2][-]{subsection.3.4}{Line Element}{section.3}% 17
\BOOKMARK [1][-]{section.4}{Worldline parametrization}{}% 18
\BOOKMARK [2][-]{subsection.4.1}{Constant velocity}{section.4}% 19
\BOOKMARK [2][-]{subsection.4.2}{Extreme Action \(no, not that kind\)}{section.4}% 20
\BOOKMARK [2][-]{subsection.4.3}{Christoffel symbols}{section.4}% 21
\BOOKMARK [2][-]{subsection.4.4}{Rotations}{section.4}% 22
\BOOKMARK [2][-]{subsection.4.5}{Y i k e s}{section.4}% 23
\BOOKMARK [2][-]{subsection.4.6}{Coriolis Forces}{section.4}% 24
